INFO:root:Pneumonia
INFO:root:Pneumonia
INFO:root:Pneumonia
INFO:root:Accuracy0.5198019801980198
INFO:root:


INFO:root:Pleural Other
INFO:root:Accuracy0.5247524752475248
INFO:root:


INFO:root:No Finding
INFO:root:Accuracy0.698019801980198
INFO:root:


INFO:root:Enlarged Cardiomediastinum
INFO:root:Accuracy0.5396039603960396
INFO:root:


INFO:root:Cardiomegaly
INFO:root:Accuracy0.5297029702970297
INFO:root:


INFO:root:Lung Opacity
INFO:root:Accuracy0.599009900990099
INFO:root:


INFO:root:Lung Lesion
INFO:root:Accuracy0.4504950495049505
INFO:root:


INFO:root:Edema
INFO:root:Accuracy0.4405940594059406
INFO:root:


INFO:root:Consolidation
INFO:root:Accuracy0.4405940594059406
INFO:root:


INFO:root:Atelectasis
INFO:root:Accuracy0.5445544554455446
INFO:root:


INFO:root:Pneumothorax
INFO:root:Accuracy0.48514851485148514
INFO:root:


INFO:root:Pleural Effusion
INFO:root:Accuracy0.44554455445544555
INFO:root:


INFO:root:Fracture
INFO:root:Accuracy0.48514851485148514
INFO:root:


INFO:root:Support Devices
INFO:root:Accuracy0.504950495049505
INFO:root:


